Spark Command: /opt/java/openjdk/bin/java -cp /opt/spark/conf:/opt/spark/jars/* -Xmx1g org.apache.spark.deploy.master.Master --host b2e8582875fc --port 7077 --webui-port 8080
========================================
Using Spark's default log4j profile: org/apache/spark/log4j2-defaults.properties
25/03/12 20:23:01 INFO Master: Started daemon with process name: 27@b2e8582875fc
25/03/12 20:23:01 INFO SignalUtils: Registering signal handler for TERM
25/03/12 20:23:01 INFO SignalUtils: Registering signal handler for HUP
25/03/12 20:23:01 INFO SignalUtils: Registering signal handler for INT
25/03/12 20:23:01 WARN NativeCodeLoader: Unable to load native-hadoop library for your platform... using builtin-java classes where applicable
25/03/12 20:23:01 INFO SecurityManager: Changing view acls to: root
25/03/12 20:23:01 INFO SecurityManager: Changing modify acls to: root
25/03/12 20:23:01 INFO SecurityManager: Changing view acls groups to: 
25/03/12 20:23:01 INFO SecurityManager: Changing modify acls groups to: 
25/03/12 20:23:01 INFO SecurityManager: SecurityManager: authentication disabled; ui acls disabled; users with view permissions: root; groups with view permissions: EMPTY; users with modify permissions: root; groups with modify permissions: EMPTY
25/03/12 20:23:01 INFO Utils: Successfully started service 'sparkMaster' on port 7077.
25/03/12 20:23:01 INFO Master: Starting Spark master at spark://b2e8582875fc:7077
25/03/12 20:23:01 INFO Master: Running Spark version 3.4.0
25/03/12 20:23:01 INFO JettyUtils: Start Jetty 0.0.0.0:8080 for MasterUI
25/03/12 20:23:01 INFO Utils: Successfully started service 'MasterUI' on port 8080.
25/03/12 20:23:01 INFO MasterWebUI: Bound MasterWebUI to 0.0.0.0, and started at http://b2e8582875fc:8080
25/03/12 20:23:01 INFO Master: I have been elected leader! New state: ALIVE
