Spark Command: /opt/java/openjdk/bin/java -cp /opt/spark/conf:/opt/spark/jars/* -Xmx1g org.apache.spark.deploy.master.Master --host 565afa46b487 --port 7077 --webui-port 8080
========================================
Using Spark's default log4j profile: org/apache/spark/log4j2-defaults.properties
25/03/12 20:03:39 INFO Master: Started daemon with process name: 26@565afa46b487
25/03/12 20:03:39 INFO SignalUtils: Registering signal handler for TERM
25/03/12 20:03:39 INFO SignalUtils: Registering signal handler for HUP
25/03/12 20:03:39 INFO SignalUtils: Registering signal handler for INT
25/03/12 20:03:40 WARN NativeCodeLoader: Unable to load native-hadoop library for your platform... using builtin-java classes where applicable
25/03/12 20:03:40 INFO SecurityManager: Changing view acls to: 185
25/03/12 20:03:40 INFO SecurityManager: Changing modify acls to: 185
25/03/12 20:03:40 INFO SecurityManager: Changing view acls groups to: 
25/03/12 20:03:40 INFO SecurityManager: Changing modify acls groups to: 
25/03/12 20:03:40 INFO SecurityManager: SecurityManager: authentication disabled; ui acls disabled; users with view permissions: 185; groups with view permissions: EMPTY; users with modify permissions: 185; groups with modify permissions: EMPTY
25/03/12 20:03:40 INFO Utils: Successfully started service 'sparkMaster' on port 7077.
25/03/12 20:03:40 INFO Master: Starting Spark master at spark://565afa46b487:7077
25/03/12 20:03:40 INFO Master: Running Spark version 3.4.0
25/03/12 20:03:40 INFO JettyUtils: Start Jetty 0.0.0.0:8080 for MasterUI
25/03/12 20:03:40 INFO Utils: Successfully started service 'MasterUI' on port 8080.
25/03/12 20:03:40 INFO MasterWebUI: Bound MasterWebUI to 0.0.0.0, and started at http://565afa46b487:8080
25/03/12 20:03:40 INFO Master: I have been elected leader! New state: ALIVE
